>id1
GTTCAAGTTCAAGTTCAAGTTCAA
>id2
GTTGCAGTTGCAGTTGCAGTTGCA
>id3
GTTCAAGTTCAAGTTCAAGTTCAA
>id4
GTTCCAGTTCCAGTTCCAGTTCCA
>id5
TTTCCATTTCCATTTCCATTTCCA
>id6
GTTCAAGTTCAAGTTCAAGTTCAA
>id7
GTTCAAGTTCAAGTTCAAGTTCAA
>id8
GTTCATGTTCATGTTCATGTTCAT
>id9
GTTCATGTTCATGTTCATGTTCAT
>id10
GTTTATGTTTATGTTTATGTTTAT
>id11
GTTCATGTTCATGTTCATGTTCAT
>id12
GTTCATGTTCATGTTCATGTTCAT
>id13
GTTCATGTTCATGTTCATGTTCAT
>id14
GTTCATGTTCATGTTCATGTTCAT
>id15
GTTCATGTTCATGTTCATGTTCAT
>id16
GTTGAGGTTGAGGTTGAGGTTGAG
>id17
TTTTAGTTTTAGTTTTAGTTTTAG
>id18
GTTTAGGTTTAGGTTTAGGTTTAG
>id19
GGTTAGGGTTAGGGTTAGGGTTAG
>id20
GGTTAGGGTTAGGGTTAGGGTTAG
>id21
GCTTAGGCTTAGGCTTAGGCTTAG
>id22
GTTTCGGTTTCGGTTTCGGTTTCG
>id23
GTTTAGGTTTAGGTTTAGGTTTAG
>id24
GTTTAGGTTTAGGTTTAGGTTTAG
>id25
GTTGAGGTTGAGGTTGAGGTTGAG
>id26
GTTTAGGTTTAGGTTTAGGTTTAG
>id27
GTGTAGGTGTAGGTGTAGGTGTAG
>id28
GTATAGGTATAGGTATAGGTATAG
>id29
GTTTAGGTTTAGGTTTAGGTTTAG
>id30
GCCTACGCCTACGCCTACGCCTAC
>id31
GCTTACGCTTACGCTTACGCTTAC
>id32
GCATTCGCATTCGCATTCGCATTC
>id33
GCTTACGCTTACGCTTACGCTTAC
>id34
GATTACGATTACGATTACGATTAC
>id35
GATCGCGATCGCGATCGCGATCGC
>id36
GATTACGATTACGATTACGATTAC
>id37
GGATGGGGATGGGGATGGGGATGG
>id38
GGATGGGGATGGGGATGGGGATGG
>id39
GGTTGCGGTTGCGGTTGCGGTTGC
>id40
GGTTGCGGTTGCGGTTGCGGTTGC
>id41
GGTGGCGGTGGCGGTGGCGGTGGC
>id42
GGTTGCGGTTGCGGTTGCGGTTGC
>id43
GGTTTCGGTTTCGGTTTCGGTTTC
>id44
GCATAAGCATAAGCATAAGCATAA
>id45
GCATAAGCATAAGCATAAGCATAA
>id46
GCATACGCATACGCATACGCATAC
>id47
GCATACGCATACGCATACGCATAC
>id48
GAATACGAATACGAATACGAATAC
>id49
GAAGACGAAGACGAAGACGAAGAC
>id50
GAAGACGAAGACGAAGACGAAGAC
