>id1
GTTCAAGGGTGACCTTAATCTAGT
>id2
GTTGCAGGGGGACCTTAATATAGT
>id3
GTTCAAGAGTGACCCTACTCTAGT
>id4
GTTCCAGAGTGACCATACTTTAGT
>id5
TTTCCAGAGTGCCCAAACTTTAGT
>id6
GTTCAAGAGTGACCATGCTCTAGT
>id7
GTTCAAGATTGACACTGCTCTAGT
>id8
GTTCATGGGTCACCCTACTCTGGT
>id9
GTTCATGAGTCACCCTACTCTGGT
>id10
GTTTATGAGTCACCCTACTATAGA
>id11
GTTCATGAGTCACCCTACTAAAGA
>id12
GTTCATGAGTCACCCTACTGGAGT
>id13
GTTCATGACTCTCACTACTCTAGT
>id14
GTTCATGAGTCACCCTACACTCGT
>id15
GTTCATGAGTCACCCTACGCTCGT
>id16
GTTGAGGAGTGTTCACACGCTAGT
>id17
TTTTAGGAGTGTTGCTACGCTATT
>id18
GTTTAGGAGTGTTCTTACGCTAGT
>id19
GGTTAGGAGTCATCGTACGCTAGC
>id20
GGTTAGGAGTAATCGTACGCTAGC
>id21
GCTTAGGAGGAATCGTACGCAAAC
>id22
GTTTCGGAGTAATCGTACGCAACC
>id23
GTTTAGGAGTGTCACTACTACAGC
>id24
GTTTAGGAGTGTCGCTACTTCAGC
>id25
GTTGAGAGGTATCACTACTCCAGC
>id26
GTTTAGGGGTATCACTACTCCAGC
>id27
GTGTAGGCCTGTCCCTACACAAGC
>id28
GTATAGGCGTGTCACTACACCAGC
>id29
GTTTAGGAGTGTCCCTACTCCAGA
>id30
GCCTACGCACGACCCTACTATAAT
>id31
GCTTACACGCGACCGTACTATAAT
>id32
GCATTCACGCGTCCGTACCTTAAT
>id33
GCTTACACGCGTCCCTACTTTAAT
>id34
GATTACGCGCGACCCTACTATAAT
>id35
GATCGCGCGCGACCCTAATATAAT
>id36
GATTACGCGCGACCCTACTATAAT
>id37
GGATGGGCGGCACACTAGTCCAAT
>id38
GGATGGGCGCCACACTAGTCCAAT
>id39
GGTTGCGCGTCACACAATTCCAAT
>id40
GGTTGCTCGCCACAGTAGCCACAT
>id41
GGTGGCGCGCCACACTACTCCAAT
>id42
GGTTGCGCGCGACACTACTGCAAG
>id43
GGTTTCCCGCGACATTACTGCAAG
>id44
GCATAAGCGCCTCCCTACCCTAAT
>id45
GCATAAGCGCCACCCTACTCCAAT
>id46
GCATACACGCCACTCTATTCTAAT
>id47
GCATACACCCCACTCGAAGCTACT
>id48
GAATACGCCCCATCCTACTCTAAT
>id49
GAAGACGCGCCATCCTACTCTAAT
>id50
GAAGACGCGCCATCCCACTCTAAC
